"D:/Takang/Content/Material_0011.uasset" 0
"D:/Takang/Content/1_Back_Patch_001.uasset" 1
"D:/Takang/Content/1_Back_Patch_003.uasset" 2
"D:/Takang/Content/1_Plane_001.uasset" 3
"D:/Takang/Content/tracks_0011.uasset" 4
"D:/Takang/Content/1_Tack.uasset" 5
"D:/Takang/Content/1_Tack_002.uasset" 6
"D:/Takang/Content/1_Tack_003.uasset" 7
"D:/Takang/Content/1_Tack_004.uasset" 8
"D:/Takang/Content/1_Tack_005.uasset" 9
"D:/Takang/Content/Hurdle.uasset" 10
"../../../Engine/Content/EditorBlueprintResources/StandardMacros.uasset" 11
"D:/Takang/Content/BPClass/MySaveGame.uasset" 12
"D:/Takang/Content/Character/NewFolder/Character_Skeleton.uasset" 13
"../../../Engine/Content/Animation/DefaultAnimCurveCompressionSettings.uasset" 14
"../../../Engine/Content/Animation/DefaultAnimBoneCompressionSettings.uasset" 15
"D:/Takang/Content/Character/NewFolder/slidegood.uasset" 16
"D:/Takang/Content/Character/NewFolder/runningNew.uasset" 17
"D:/Takang/Content/Character/NewFolder/Jump.uasset" 18
"D:/Takang/Content/Character/NewFolder/Flying.uasset" 19
"D:/Takang/Content/Character/NewFolder/Falling_Back_Death.uasset" 20
"D:/Takang/Content/Character/NewFolder/board_animation.uasset" 21
"D:/Takang/Content/Character/NewFolder/SubwayCharacter_AnimBP.uasset" 22
"D:/Takang/Content/UI/score-icon-8.uasset" 23
"D:/Takang/Content/UI/pause.uasset" 24
"D:/Takang/Content/UI/free-coin-icon-794-thumb.uasset" 25
"D:/Takang/Content/UI/Staatliches-Regular.uasset" 26
"D:/Takang/Content/UI/Staatliches-Regular_Font.uasset" 27
"D:/Takang/Content/UI/GameScreen.uasset" 28
"D:/Takang/Content/UI/NewAssets/main-menu_0017_Group-2-copy.uasset" 29
"D:/Takang/Content/UI/unnamed.uasset" 30
"D:/Takang/Content/UI/CharacterSelectionScreen.uasset" 31
"D:/Takang/Content/UI/main-menu_0029_Group-5-copy.uasset" 32
"D:/Takang/Content/UI/main-menu_0024_Group-2-copy.uasset" 33
"D:/Takang/Content/UI/main-menu_0013_Group-2-copy-2.uasset" 34
"D:/Takang/Content/UI/MainScreen.uasset" 35
"D:/Takang/Content/UI/main-menu_0027_Group-4.uasset" 36
"D:/Takang/Content/UI/main-menu_0025_Group-6.uasset" 37
"D:/Takang/Content/UI/main-menu_0023_Group-2-copy-2.uasset" 38
"D:/Takang/Content/UI/PauseGameMenue.uasset" 39
"D:/Takang/Content/UI/NewAssets/game_over.uasset" 40
"D:/Takang/Content/UI/GAmeOver.uasset" 41
"D:/Takang/Content/BPClass/NewInstances/SimpleTempleTexture.uasset" 42
"D:/Takang/Content/BPClass/NewInstances/Material_001.uasset" 43
"D:/Takang/Content/BPClass/NewInstances/rocket.uasset" 44
"D:/Takang/Content/BPClass/NewInstances/board.uasset" 45
"D:/Takang/Content/TopDownBP/AllNew/colin-watts-u4ijcCaprRc-unsplash.uasset" 46
"D:/Takang/Content/TopDownBP/AllNew/tracks_001.uasset" 47
"D:/Takang/Content/TopDownBP/AllNew/untitled_Tack_004.uasset" 48
"D:/Takang/Content/TopDownBP/AllNew/SimpleTempleTexture.uasset" 49
"D:/Takang/Content/TopDownBP/AllNew/Material_001.uasset" 50
"D:/Takang/Content/TopDownBP/AllNew/untitled_Plane_001.uasset" 51
"D:/Takang/Content/TopDownBP/AllNew/untitled_Back_Patch_001.uasset" 52
"D:/Takang/Content/colin-watts-u4ijcCaprRc-unsplash.uasset" 53
"D:/Takang/Content/tracks_001.uasset" 54
"D:/Takang/Content/BPClass/NewInstances/obsicle_stone.uasset" 55
"D:/Takang/Content/BPClass/StoneHurdle.uasset" 56
"D:/Takang/Content/Magtnet/Material_001.uasset" 57
"D:/Takang/Content/Magtnet/coins_magnets_megnet.uasset" 58
"D:/Takang/Content/BPClass/Magnet.uasset" 59
"D:/Takang/Content/BPClass/JetPack.uasset" 60
"D:/Takang/Content/BPClass/HoverBoard.uasset" 61
"D:/Takang/Content/BPClass/NewInstances/obsicle_tree.uasset" 62
"D:/Takang/Content/BPClass/BranchHurdle.uasset" 63
"D:/Takang/Content/SimpleTempleTexture.uasset" 64
"D:/Takang/Content/Material_001.uasset" 65
"../../../Engine/Content/BasicShapes/Material_001.uasset" 66
"../../../Engine/Content/BasicShapes/coins_magnets__1__coins.uasset" 67
"D:/Takang/Content/BPClass/Coins.uasset" 68
"D:/Takang/Content/Environment.uasset" 69
"D:/Takang/Content/Character/NewFolder/Character_PhysicsAsset.uasset" 70
"D:/Takang/Content/Character/charater1.uasset" 71
"D:/Takang/Content/Character/charater1_Mat.uasset" 72
"D:/Takang/Content/Character/NewFolder/Character.uasset" 73
"D:/Takang/Content/ThirdPersonBP/Blueprints/SubwayCharacter.uasset" 74
"D:/Takang/Content/BPClass/myControllerNew.uasset" 75
"D:/Takang/Content/myController.uasset" 76
"D:/Takang/Content/BPClass/Trackspline.uasset" 77
"D:/Takang/Content/spine.uasset" 78
"D:/Takang/Content/Character/Running_Slide.uasset" 79
"D:/Takang/Content/Character/Cube_DefaultMaterial_BaseColor.uasset" 80
"D:/Takang/Content/Character/SubwayCharacterMaterial.uasset" 81
"D:/Takang/Content/Character/NewFolder/Body.uasset" 82
"D:/Takang/Content/Character/NewFolder/SimpleTempleTexture.uasset" 83
"D:/Takang/Content/Character/NewFolder/Material_001.uasset" 84
"D:/Takang/Content/Character/NewFolder/Running_Jump__1_.uasset" 85
"D:/Takang/Content/Character/NewFolder/Running_Slide__1__Armature_001_Armature_001_Armature_001_Armature_mixamo_com_Layer0.uasset" 86
"D:/Takang/Content/Character/NewFolder/Running_Slide__1__Armature_001_Armature_Armature_Armature_001_mixamo_com_Layer0.uasset" 87
"D:/Takang/Content/Character/NewFolder/Running__1_.uasset" 88
"D:/Takang/Content/Magtnet/BP_Magnet.uasset" 89
"D:/Takang/Content/Magtnet/coins_magnets_coins.uasset" 90
"D:/Takang/Content/MobileStarterContent/Materials/M_Basic_Wall.uasset" 91
"D:/Takang/Content/MobileStarterContent/Architecture/Pillar_50x500.uasset" 92
"D:/Takang/Content/MobileStarterContent/Architecture/Wall_400x300.uasset" 93
"D:/Takang/Content/MobileStarterContent/Architecture/Wall_400x400.uasset" 94
"D:/Takang/Content/MobileStarterContent/Architecture/Wall_500x500.uasset" 95
"D:/Takang/Content/MobileStarterContent/Architecture/Wall_Door_400x400.uasset" 96
"D:/Takang/Content/MobileStarterContent/Architecture/Wall_Window_400x400.uasset" 97
"D:/Takang/Content/MobileStarterContent/Audio/Light01.uasset" 98
"D:/Takang/Content/MobileStarterContent/Audio/Light01_Cue.uasset" 99
"D:/Takang/Content/MobileStarterContent/Audio/Light02.uasset" 100
"D:/Takang/Content/MobileStarterContent/Audio/Light02_Cue.uasset" 101
"D:/Takang/Content/MobileStarterContent/Audio/Steam01.uasset" 102
"D:/Takang/Content/MobileStarterContent/Audio/Steam01_Cue.uasset" 103
"D:/Takang/Content/MobileStarterContent/Audio/Explosion02.uasset" 104
"D:/Takang/Content/MobileStarterContent/Audio/Explosion01.uasset" 105
"D:/Takang/Content/MobileStarterContent/Audio/Explosion_Cue.uasset" 106
"D:/Takang/Content/MobileStarterContent/Textures/T_Smoke_Tiled_D.uasset" 107
"D:/Takang/Content/MobileStarterContent/Textures/T_Smoke_SubUV.uasset" 108
"D:/Takang/Content/MobileStarterContent/Particles/Materials/M_smoke_subUV.uasset" 109
"../../../Engine/Content/Functions/Engine_MaterialFunctions01/Gradient/RadialGradient.uasset" 110
"D:/Takang/Content/MobileStarterContent/Particles/Materials/M_radial_ramp.uasset" 111
"D:/Takang/Content/MobileStarterContent/Particles/Materials/m_flare_01.uasset" 112
"D:/Takang/Content/MobileStarterContent/Textures/T_Explosion_SubUV.uasset" 113
"D:/Takang/Content/MobileStarterContent/Particles/Materials/M_explosion_subUV.uasset" 114
"D:/Takang/Content/MobileStarterContent/Textures/T_Burst_M.uasset" 115
"D:/Takang/Content/MobileStarterContent/Particles/Materials/M_Burst.uasset" 116
"D:/Takang/Content/MobileStarterContent/Particles/P_Explosion.uasset" 117
"D:/Takang/Content/MobileStarterContent/Blueprints/Blueprint_Effect_Explosion.uasset" 118
"D:/Takang/Content/MobileStarterContent/Textures/T_Bush_N.uasset" 119
"D:/Takang/Content/MobileStarterContent/Textures/T_Bush_D.uasset" 120
"D:/Takang/Content/MobileStarterContent/Props/Materials/M_Bush.uasset" 121
"D:/Takang/Content/MobileStarterContent/Props/SM_Bush.uasset" 122
"D:/Takang/Content/MobileStarterContent/Textures/T_Chair_N.uasset" 123
"D:/Takang/Content/MobileStarterContent/Textures/T_Chair_M.uasset" 124
"D:/Takang/Content/MobileStarterContent/Props/Materials/M_Chair.uasset" 125
"D:/Takang/Content/MobileStarterContent/Props/SM_Couch.uasset" 126
"D:/Takang/Content/MobileStarterContent/Materials/M_Glass.uasset" 127
"D:/Takang/Content/MobileStarterContent/Textures/T_Door_N.uasset" 128
"D:/Takang/Content/MobileStarterContent/Textures/T_Door_M.uasset" 129
"D:/Takang/Content/MobileStarterContent/Props/Materials/M_Door.uasset" 130
"D:/Takang/Content/MobileStarterContent/Props/SM_Door.uasset" 131
"D:/Takang/Content/MobileStarterContent/Props/Materials/M_MaterialSphere_Plain.uasset" 132
"D:/Takang/Content/MobileStarterContent/Props/Materials/M_MaterialSphere.uasset" 133
"D:/Takang/Content/MobileStarterContent/Props/SM_MatPreviewMesh_02.uasset" 134
"D:/Takang/Content/MobileStarterContent/Textures/T_Rock_Basalt_D.uasset" 135
"D:/Takang/Content/MobileStarterContent/Textures/T_RockMesh_N.uasset" 136
"D:/Takang/Content/MobileStarterContent/Textures/T_RockMesh_M.uasset" 137
"D:/Takang/Content/MobileStarterContent/Props/Materials/M_Rock.uasset" 138
"D:/Takang/Content/MobileStarterContent/Props/SM_Rock.uasset" 139
"D:/Takang/Content/MobileStarterContent/Textures/T_Shelf_N.uasset" 140
"D:/Takang/Content/MobileStarterContent/Textures/T_Shelf_M.uasset" 141
"D:/Takang/Content/MobileStarterContent/Props/Materials/M_Shelf.uasset" 142
"D:/Takang/Content/MobileStarterContent/Props/SM_Shelf.uasset" 143
"D:/Takang/Content/MobileStarterContent/Props/SM_Stairs.uasset" 144
"D:/Takang/Content/MobileStarterContent/Shapes/Shape_Cone.uasset" 145
"D:/Takang/Content/MobileStarterContent/Shapes/Shape_Cylinder.uasset" 146
"D:/Takang/Content/MobileStarterContent/Shapes/Shape_NarrowCapsule.uasset" 147
"D:/Takang/Content/MobileStarterContent/Shapes/Shape_Pipe.uasset" 148
"D:/Takang/Content/MobileStarterContent/Shapes/Shape_Pipe_180.uasset" 149
"D:/Takang/Content/MobileStarterContent/Shapes/Shape_Pipe_90.uasset" 150
"D:/Takang/Content/MobileStarterContent/Shapes/Shape_Plane.uasset" 151
"D:/Takang/Content/MobileStarterContent/Shapes/Shape_Torus.uasset" 152
"D:/Takang/Content/MobileStarterContent/Shapes/Shape_Trim.uasset" 153
"D:/Takang/Content/MobileStarterContent/Shapes/Shape_Trim_90_In.uasset" 154
"D:/Takang/Content/MobileStarterContent/Shapes/Shape_Trim_90_Out.uasset" 155
"D:/Takang/Content/MobileStarterContent/Shapes/Shape_TriPyramid.uasset" 156
"D:/Takang/Content/MobileStarterContent/Shapes/Shape_Tube.uasset" 157
"D:/Takang/Content/MobileStarterContent/Shapes/Shape_Wedge_A.uasset" 158
"D:/Takang/Content/MobileStarterContent/Shapes/Shape_Wedge_B.uasset" 159
"D:/Takang/Content/MobileStarterContent/Shapes/Shape_WideCapsule.uasset" 160
"D:/Takang/Content/MobileStarterContent/Textures/T_CobbleStone_Pebble_M.uasset" 161
"D:/Takang/Content/BPClass/NewInstances/board_animation_PhysicsAsset.uasset" 162
"D:/Takang/Content/BPClass/NewInstances/Body.uasset" 163
"D:/Takang/Content/BPClass/NewInstances/board_animation.uasset" 164
"D:/Takang/Content/BPClass/NewInstances/SimpleTempleTexture_ncl1_1.uasset" 165
"D:/Takang/Content/BPClass/NewInstances/colin-watts-u4ijcCaprRc-unsplash.uasset" 166
"D:/Takang/Content/BPClass/NewInstances/tracks_001.uasset" 167
"D:/Takang/Content/MobileStarterContent/Textures/T_Concrete_Tiles_Variation_M.uasset" 168
"D:/Takang/Content/MobileStarterContent/Textures/T_Detail_Rocky_N.uasset" 169
"D:/Takang/Content/MobileStarterContent/Textures/T_Gradinet_01.uasset" 170
"D:/Takang/Content/MobileStarterContent/Textures/T_Perlin_Noise_M.uasset" 171
"D:/Takang/Content/MobileStarterContent/Textures/T_Rock_Smooth_Granite_D.uasset" 172
"D:/Takang/Content/ThirdPersonBP/ThirdPersonOverview.uasset" 173
"D:/Takang/Content/ThirdPersonBP/Blueprints/ThirdPersonCharacter.uasset" 174
"D:/Takang/Content/ThirdPersonBP/Blueprints/ThirdPersonGameMode.uasset" 175
"D:/Takang/Content/TopDownBP/Material_001.uasset" 176
"D:/Takang/Content/TopDownBP/tracks_001.uasset" 177
"D:/Takang/Content/TopDownBP/AllNew/SimpleTempleTexture_ncl1_1.uasset" 178
"D:/Takang/Content/TopDownBP/AllNew/Material_002.uasset" 179
"D:/Takang/Content/TopDownBP/AllNew/untitled_Back_patch_002.uasset" 180
"D:/Takang/Content/TopDownBP/AllNew/untitled_Back_Patch_003.uasset" 181
"D:/Takang/Content/TopDownBP/AllNew/untitled_Back_patch_005.uasset" 182
"../../../Engine/Content/Functions/Engine_MaterialFunctions01/Opacity/CameraDepthFade.uasset" 183
"../../../Engine/Content/EngineMaterials/T_Default_Material_Grid_N.uasset" 184
"../../../Engine/Content/EngineMaterials/T_Default_Material_Grid_M.uasset" 185
"../../../Engine/Content/EngineMaterials/WorldGridMaterial.uasset" 186
"D:/Takang/Content/TopDownBP/AllNew/untitled_Icosphere_017.uasset" 187
"D:/Takang/Content/TopDownBP/AllNew/untitled_Plane_004.uasset" 188
"D:/Takang/Content/TopDownBP/AllNew/untitled_Tack_003.uasset" 189
"D:/Takang/Content/UI/main-menu_0014_Group-6.uasset" 190
"D:/Takang/Content/UI/main-menu_0015_Group-2-copy-3.uasset" 191
"D:/Takang/Content/UI/main-menu_0016_Group-2-copy-2.uasset" 192
"D:/Takang/Content/UI/main-menu_0017_Group-2-copy.uasset" 193
"D:/Takang/Content/UI/main-menu_0019_Group-2-copy-3.uasset" 194
"D:/Takang/Content/UI/main-menu_0020_Group-2-copy-2.uasset" 195
"D:/Takang/Content/UI/main-menu_0022_Group-2-copy-3.uasset" 196
"D:/Takang/Content/UI/main-menu_0026_Group-1.uasset" 197
"D:/Takang/Content/UI/main-menu_0028_Group-5-copy-2.uasset" 198
"D:/Takang/Content/UI/main-menu_0030_Group-5.uasset" 199
"D:/Takang/Content/UI/main-menu_0031_Group-3.uasset" 200
"D:/Takang/Content/UI/main-menu_0032_Group-2.uasset" 201
"D:/Takang/Content/UI/main-menu_0033_Background.uasset" 202
"D:/Takang/Content/UI/main_menu.uasset" 203
"D:/Takang/Content/UI/pause_game.uasset" 204
"D:/Takang/Content/UI/NewAssets/character_select.uasset" 205
"D:/Takang/Content/UI/NewAssets/main-menu_0009_Group-10-copy-2.uasset" 206
"D:/Takang/Content/UI/NewAssets/main-menu_0010_Group-10-copy.uasset" 207
"D:/Takang/Content/UI/NewAssets/main-menu_0011_Group-10.uasset" 208
"D:/Takang/Content/UI/NewAssets/main-menu_0013_Group-2-copy-2.uasset" 209
"D:/Takang/Content/UI/NewAssets/main-menu_0014_Group-6.uasset" 210
"D:/Takang/Content/UI/NewAssets/main-menu_0015_Group-2-copy-3.uasset" 211
"D:/Takang/Content/UI/NewAssets/main-menu_0016_Group-2-copy-2.uasset" 212
"D:/Takang/Content/UI/NewAssets/main-menu_0019_Group-2-copy-3.uasset" 213
"D:/Takang/Content/UI/NewAssets/main-menu_0020_Group-2-copy-2.uasset" 214
"D:/Takang/Content/UI/NewAssets/main-menu_0022_Group-2-copy-3.uasset" 215
"D:/Takang/Content/UI/NewAssets/main-menu_0023_Group-2-copy-2.uasset" 216
"D:/Takang/Content/UI/NewAssets/main-menu_0024_Group-2-copy.uasset" 217
"D:/Takang/Content/UI/NewAssets/main-menu_0025_Group-6.uasset" 218
"D:/Takang/Content/UI/NewAssets/main-menu_0026_Group-1.uasset" 219
"D:/Takang/Content/UI/NewAssets/main-menu_0027_Group-4.uasset" 220
"D:/Takang/Content/UI/NewAssets/main-menu_0028_Group-5-copy-2.uasset" 221
"D:/Takang/Content/UI/NewAssets/main-menu_0029_Group-5-copy.uasset" 222
"D:/Takang/Content/UI/NewAssets/main-menu_0030_Group-5.uasset" 223
"D:/Takang/Content/UI/NewAssets/main-menu_0031_Group-3.uasset" 224
"D:/Takang/Content/UI/NewAssets/main-menu_0032_Group-2.uasset" 225
"D:/Takang/Content/UI/NewAssets/main_menu.uasset" 226
"D:/Takang/Content/UI/NewAssets/pause_game.uasset" 227
"D:/Takang/Content/UI/NewAssets/Untitled-1.uasset" 228
"../../../Engine/Content/ArtTools/RenderToTexture/Meshes/S_1_Unit_Plane.uasset" 229
"../../../Engine/Content/EngineMaterials/DefaultMaterial.uasset" 230
"../../../Engine/Content/BasicShapes/Cone.uasset" 231
"../../../Engine/Content/BasicShapes/Cube.uasset" 232
"../../../Engine/Content/BasicShapes/Plane.uasset" 233
"../../../Engine/Content/BasicShapes/Sphere.uasset" 234
"../../../Engine/Content/EditorLandscapeResources/DataLayer.uasset" 235
"../../../Engine/Content/EditorLandscapeResources/DefaultAlphaTexture.uasset" 236
"../../../Engine/Content/EditorMaterials/MAT_Groups_Toggle.uasset" 237
"../../../Engine/Content/EditorMaterials/MAT_Groups_Visibility.uasset" 238
"../../../Engine/Content/EditorMaterials/PreviewShadowIndicator.uasset" 239
"../../../Engine/Content/EditorMaterials/PreviewShadowIndicatorMaterial.uasset" 240
"../../../Engine/Content/EditorMaterials/MatineeGroups/MAT_ColorTrack.uasset" 241
"../../../Engine/Content/EditorMaterials/MatineeGroups/MAT_Groups_Anim.uasset" 242
"../../../Engine/Content/EditorMaterials/MatineeGroups/MAT_Groups_AudioMaster.uasset" 243
"../../../Engine/Content/EditorMaterials/MatineeGroups/MAT_Groups_Director.uasset" 244
"../../../Engine/Content/EditorMaterials/MatineeGroups/MAT_Groups_Event.uasset" 245
"../../../Engine/Content/EditorMaterials/MatineeGroups/MAT_Groups_Fade.uasset" 246
"../../../Engine/Content/EditorMaterials/MatineeGroups/MAT_Groups_Float.uasset" 247
"../../../Engine/Content/EditorMaterials/MatineeGroups/MAT_Groups_Move.uasset" 248
"../../../Engine/Content/EditorMaterials/MatineeGroups/MAT_Groups_Slomo.uasset" 249
"../../../Engine/Content/EditorMaterials/MatineeGroups/MAT_Groups_Sound.uasset" 250
"../../../Engine/Content/EditorMaterials/MatineeGroups/MAT_Groups_Vector.uasset" 251
"../../../Engine/Content/EditorMaterials/ParticleSystems/PSysThumbnail_NoImage.uasset" 252
"../../../Engine/Content/EditorMaterials/ParticleSystems/PSysThumbnail_OOD.uasset" 253
"../../../Engine/Content/EditorMaterials/Camera/CineMat.uasset" 254
"../../../Engine/Content/EditorMaterials/Camera/MI_CineMat_Rig.uasset" 255
"../../../Engine/Content/EditorMeshes/Camera/SM_CraneRig_Arm.uasset" 256
"../../../Engine/Content/EditorMeshes/Camera/SM_CraneRig_Base.uasset" 257
"../../../Engine/Content/EditorMeshes/Camera/SM_CraneRig_Body.uasset" 258
"../../../Engine/Content/EditorMeshes/Camera/SM_CraneRig_Mount.uasset" 259
"../../../Engine/Content/EditorMeshes/Camera/SM_RailRig_Mount.uasset" 260
"../../../Engine/Content/EditorMeshes/Camera/SM_RailRig_Track.uasset" 261
"../../../Engine/Content/EditorResources/BSPVertex.uasset" 262
"../../../Engine/Content/EditorResources/EmptyActor.uasset" 263
"../../../Engine/Content/EditorResources/S_Actor.uasset" 264
"../../../Engine/Content/EditorResources/S_Note.uasset" 265
"../../../Engine/Content/EditorResources/S_Solver.uasset" 266
"../../../Engine/Content/EditorResources/S_Terrain.uasset" 267
"../../../Engine/Content/EditorResources/S_Trigger.uasset" 268
"../../../Engine/Content/EditorResources/AudioIcons/S_AudioComponent.uasset" 269
"../../../Engine/Content/EditorResources/AudioIcons/S_AudioComponent_AutoActivate.uasset" 270
"../../../Engine/Content/EditorResources/LightIcons/S_LightError.uasset" 271
"../../../Engine/Content/EditorResources/SequenceRecorder/Countdown.uasset" 272
"../../../Engine/Content/EditorResources/SequenceRecorder/RecordingIndicator.uasset" 273
"../../../Engine/Content/EngineDamageTypes/DmgTypeBP_Environmental.uasset" 274
"../../../Engine/Content/EngineDebugMaterials/DebugEditorMaterial.uasset" 275
"../../../Engine/Content/EngineDebugMaterials/DebugMeshMaterial.uasset" 276
"../../../Engine/Content/EngineDebugMaterials/M_SimpleUnlitTranslucent.uasset" 277
"../../../Engine/Content/Functions/Engine_MaterialFunctions02/Utility/CameraDirectionVector.uasset" 278
"../../../Engine/Content/EngineDebugMaterials/VolumeToRender.uasset" 279
"../../../Engine/Content/EngineDebugMaterials/M_VolumeRenderSphereTracePP.uasset" 280
"../../../Engine/Content/Functions/Engine_MaterialFunctions01/Shading/ConvertFromDiffSpec.uasset" 281
"../../../Engine/Content/EngineDebugMaterials/VertexColorMaterial.uasset" 282
"../../../Engine/Content/EngineDebugMaterials/WireframeMaterial.uasset" 283
"../../../Engine/Content/EngineFonts/Faces/RobotoRegular.uasset" 284
"../../../Engine/Content/EngineFonts/Faces/RobotoLight.uasset" 285
"../../../Engine/Content/EngineFonts/Faces/RobotoItalic.uasset" 286
"../../../Engine/Content/EngineFonts/Faces/RobotoBoldItalic.uasset" 287
"../../../Engine/Content/EngineFonts/Faces/RobotoBold.uasset" 288
"../../../Engine/Content/EngineFonts/Faces/DroidSansFallback.uasset" 289
"../../../Engine/Content/EngineFonts/Roboto.uasset" 290
"../../../Engine/Content/EngineMaterials/BaseFlattenNormalMap.uasset" 291
"../../../Engine/Content/EngineMaterials/BaseFlattenGrayscaleMap.uasset" 292
"../../../Engine/Content/EngineMaterials/BaseFlattenEmissiveMap.uasset" 293
"../../../Engine/Content/EngineMaterials/BaseFlattenDiffuseMap.uasset" 294
"../../../Engine/Content/EngineMaterials/BaseFlattenMaterial.uasset" 295
"../../../Engine/Content/EngineMaterials/BlueNoise.uasset" 296
"../../../Engine/Content/EngineMaterials/DefaultBloomKernel.uasset" 297
"../../../Engine/Content/EngineMaterials/DefaultBokeh.uasset" 298
"../../../Engine/Content/EngineMaterials/DefaultDiffuse.uasset" 299
"../../../Engine/Content/EngineMaterials/DefaultDeferredDecalMaterial.uasset" 300
"../../../Engine/Content/EngineMaterials/DefaultLightFunctionMaterial.uasset" 301
"../../../Engine/Content/EngineMaterials/DefaultPhysicalMaterial.uasset" 302
"../../../Engine/Content/Functions/Engine_MaterialFunctions02/Utility/BreakOutFloat2Components.uasset" 303
"../../../Engine/Content/EngineMaterials/DefaultPostProcessMaterial.uasset" 304
"../../../Engine/Content/EngineFonts/RobotoDistanceField.uasset" 305
"../../../Engine/Content/EngineMaterials/DefaultTextMaterialOpaque.uasset" 306
"../../../Engine/Content/EngineMaterials/DefaultWhiteGrid.uasset" 307
"../../../Engine/Content/EngineMaterials/DefaultWhiteGrid_Low.uasset" 308
"../../../Engine/Content/EngineMaterials/EmissiveMeshMaterial.uasset" 309
"../../../Engine/Content/EngineMaterials/GizmoMaterial.uasset" 310
"../../../Engine/Content/EngineMaterials/Good64x64TilingNoiseHighFreq.uasset" 311
"../../../Engine/Content/EngineMaterials/MiniFont.uasset" 312
"../../../Engine/Content/EngineMaterials/InvalidLightmapSettings.uasset" 313
"../../../Engine/Content/EngineMaterials/M_InvalidLightmapSettings.uasset" 314
"../../../Engine/Content/Functions/Engine_MaterialFunctions02/WorldPositionOffset/CameraOffset.uasset" 315
"../../../Engine/Content/EngineMaterials/PhAT_JointLimitMaterial.uasset" 316
"../../../Engine/Content/EngineMaterials/PreintegratedSkinBRDF.uasset" 317
"../../../Engine/Content/EngineMaterials/RemoveSurfaceMaterial.uasset" 318
"../../../Engine/Content/EngineMaterials/WeightMapPlaceholderTexture.uasset" 319
"../../../Engine/Content/EngineResources/WhiteSquareTexture.uasset" 320
"../../../Engine/Content/EngineMaterials/Widget3DPassThrough.uasset" 321
"../../../Engine/Content/EngineMaterials/Widget3DPassThrough_Masked.uasset" 322
"../../../Engine/Content/EngineMaterials/Widget3DPassThrough_Opaque.uasset" 323
"../../../Engine/Content/EngineMaterials/Widget3DPassThrough_Masked_OneSided.uasset" 324
"../../../Engine/Content/EngineMaterials/Widget3DPassThrough_Opaque_OneSided.uasset" 325
"../../../Engine/Content/EngineMaterials/Widget3DPassThrough_Translucent.uasset" 326
"../../../Engine/Content/EngineMaterials/Widget3DPassThrough_Translucent_OneSided.uasset" 327
"../../../Engine/Content/EngineMeshes/Cylinder.uasset" 328
"../../../Engine/Content/EngineMeshes/Sphere.uasset" 329
"../../../Engine/Content/EngineResources/Black.uasset" 330
"../../../Engine/Content/EngineResources/DefaultTextureCube.uasset" 331
"../../../Engine/Content/EngineResources/DefaultVolumeTexture2D.uasset" 332
"../../../Engine/Content/EngineResources/DefaultVolumeTexture.uasset" 333
"../../../Engine/Content/EngineResources/GradientTexture0.uasset" 334
"../../../Engine/Content/EngineSky/VolumetricClouds/T_NoiseShape64.uasset" 335
"../../../Engine/Content/EngineSky/VolumetricClouds/T_VolumeNoiseShape64.uasset" 336
"../../../Engine/Content/EngineSky/VolumetricClouds/T_NoiseErosion.uasset" 337
"../../../Engine/Content/EngineSky/VolumetricClouds/T_VolumeNoiseErosion32.uasset" 338
"../../../Engine/Content/Functions/Engine_MaterialFunctions02/Utility/MakeFloat2.uasset" 339
"../../../Engine/Content/EngineSky/VolumetricClouds/CloudWeatherTexture.uasset" 340
"../../../Engine/Content/EngineSky/VolumetricClouds/CloudGradientTexture.uasset" 341
"../../../Engine/Content/EngineSky/VolumetricClouds/m_SimpleVolumetricCloud.uasset" 342
"../../../Engine/Content/EngineSky/VolumetricClouds/m_SimpleVolumetricCloud_Inst.uasset" 343
"../../../Engine/Content/EngineSounds/Master.uasset" 344
"../../../Engine/Content/Functions/Engine_MaterialFunctions01/Shading/PowerToRoughness.uasset" 345
"../../../Engine/Content/Maps/Templates/Thumbnails/Default.uasset" 346
"../../../Engine/Content/Maps/Templates/Thumbnails/TimeOfDay.uasset" 347
"../../../Engine/Content/Maps/Templates/Thumbnails/VR-Basic.uasset" 348
"../../../Engine/Content/MobileResources/T_MobileControls_texture.uasset" 349
"../../../Engine/Content/MobileResources/T_MobileMenu2.uasset" 350
"../../../Engine/Content/MobileResources/HUD/AnalogHat.uasset" 351
"../../../Engine/Content/MobileResources/HUD/VirtualJoystick_Thumb.uasset" 352
"../../../Engine/Content/MobileResources/HUD/VirtualJoystick_Background.uasset" 353
"../../../Engine/Content/MobileResources/HUD/DefaultVirtualJoysticks.uasset" 354
"../../../Engine/Content/MobileResources/HUD/LeftVirtualJoystickOnly.uasset" 355
"../../../Engine/Content/MobileResources/HUD/MobileHUDButton1_off.uasset" 356
"../../../Engine/Content/MobileResources/HUD/MobileHUDButton1_on.uasset" 357
"../../../Engine/Content/MobileResources/HUD/MobileHUDButton2_off.uasset" 358
"../../../Engine/Content/MobileResources/HUD/MobileHUDButton2_on.uasset" 359
"../../../Engine/Content/MobileResources/HUD/MobileHUDButton3.uasset" 360
"../../../Engine/Content/MobileResources/HUD/MobileHUDButtonFire.uasset" 361
"../../../Engine/Content/MobileResources/HUD/MobileHUDDirectionPad.uasset" 362
"../../../Engine/Content/MobileResources/HUD/MobileHUDDirectionPad2.uasset" 363
"../../../Engine/Content/MobileResources/HUD/MobileHUDDirectionPad3.uasset" 364
"../../../Engine/Content/MobileResources/HUD/MobileHUDDirectionStick.uasset" 365
"../../../Engine/Content/MobileResources/HUD/T_Castle_ThumbstickInner.uasset" 366
"../../../Engine/Content/MobileResources/HUD/T_Castle_ThumbstickOutter.uasset" 367
"../../../Engine/Content/Tutorial/ContentIntroCurve.uasset" 368
"../../../Engine/Content/Tutorial/Basics/LevelEditorAttract.uasset" 369
"../../../Engine/Content/Tutorial/Basics/TutorialAssets/icon_tab_Levels_40x.uasset" 370
"../../../Engine/Content/Tutorial/Basics/LevelEditorOverview.uasset" 371
"../../../Engine/Content/VREditor/TransformGizmo/TranslucentTransformGizmoMaterial.uasset" 372
"../../../Engine/Content/VREditor/LaserPointer/VR_LaserPower_01.uasset" 373
"../../../Engine/Content/VREditor/TransformGizmo/TransformGizmoMaterial.uasset" 374
"../../../Engine/Content/VREditor/TransformGizmo/BoundingBoxCorner.uasset" 375
"../../../Engine/Content/VREditor/TransformGizmo/BoundingBoxEdge.uasset" 376
"../../../Engine/Content/VREditor/TransformGizmo/PlaneTranslationHandle.uasset" 377
"../../../Engine/Content/VREditor/TransformGizmo/Xray.uasset" 378
"../../../Engine/Content/VREditor/TransformGizmo/Main.uasset" 379
"../../../Engine/Content/VREditor/TransformGizmo/SM_Sequencer_Key.uasset" 380
"../../../Engine/Content/VREditor/TransformGizmo/SM_Sequencer_Node.uasset" 381
"../../Plugins/2D/Paper2D/Content/PlaceholderTextures/DummySpriteTexture.uasset" 382
"../../Plugins/2D/Paper2D/Content/DummySprite.uasset" 383
"../../Plugins/2D/Paper2D/Content/DefaultPaperTerrainMaterial.uasset" 384
"../../Plugins/2D/Paper2D/Content/DefaultSpriteMaterial.uasset" 385
"../../Plugins/2D/Paper2D/Content/MaskedUnlitSpriteMaterial.uasset" 386
"../../Plugins/2D/Paper2D/Content/OpaqueUnlitSpriteMaterial.uasset" 387
"../../../Engine/Content/Functions/Engine_MaterialFunctions02/ObjectLocalBounds.uasset" 388
"../../../Engine/Content/Functions/Engine_MaterialFunctions02/Utility/BreakOutFloat3Components.uasset" 389
"../../Plugins/Editor/SpeedTreeImporter/Content/SpeedTree9/UnpackInteger3.uasset" 390
"../../Plugins/Editor/SpeedTreeImporter/Content/SpeedTree9/UnpackDirection.uasset" 391
"../../Plugins/Editor/SpeedTreeImporter/Content/SpeedTree9/game_wind_noise.uasset" 392
"../../../Engine/Content/Functions/Engine_MaterialFunctions02/SafeNormalize.uasset" 393
"../../Plugins/Editor/SpeedTreeImporter/Content/SpeedTree9/SpeedTreeWindMotion.uasset" 394
"../../Plugins/Editor/SpeedTreeImporter/Content/SpeedTree9/SpeedTreeBranchMotion.uasset" 395
"../../../Engine/Content/Functions/Engine_MaterialFunctions02/UVs/BoundingBoxBased_0-1_UVW.uasset" 396
"../../Plugins/Editor/SpeedTreeImporter/Content/SpeedTree9/SpeedTreeWind.uasset" 397
"../../Plugins/Editor/SpeedTreeImporter/Content/SpeedTree9/SpeedTreeBillboard.uasset" 398
"../../../Engine/Content/EngineResources/DefaultTexture.uasset" 399
"../../Plugins/Editor/SpeedTreeImporter/Content/SpeedTree9/SpeedTreeBillboardMaster.uasset" 400
"../../Plugins/Editor/SpeedTreeImporter/Content/SpeedTree9/SpeedTreeCameraFacing.uasset" 401
"../../Plugins/Editor/SpeedTreeImporter/Content/SpeedTree9/SpeedTreeMaster.uasset" 402
"../../../Engine/Content/BasicShapes/Cylinder.uasset" 403
"../../../Engine/Content/ArtTools/RenderToTexture/Materials/Debug/M_Emissive_Color.uasset" 404
"../../Plugins/Lumin/MagicLeapPassableWorld/Content/MagicLeapARPinInfoActor.uasset" 405
"../../../Engine/Content/Functions/Engine_MaterialFunctions02/Utility/MakeFloat3.uasset" 406
"../../../Engine/Content/Functions/Engine_MaterialFunctions02/Utility/BreakOutFloat4Components.uasset" 407
"../../Plugins/Runtime/Oculus/OculusVR/Content/Materials/OculusMR_ChromaKey.uasset" 408
"../../Plugins/Runtime/Oculus/OculusVR/Content/Materials/OculusMR_OpaqueColoredMaterial.uasset" 409
"../../Plugins/Runtime/Oculus/OculusVR/Content/Materials/PokeAHoleMaterial.uasset" 410
"D:/Takang/Content/MobileStarterContent/Materials/M_Basic_Floor.uasset" 411
"D:/Takang/Content/MobileStarterContent/Architecture/Floor_400x400.uasset" 412
"D:/Takang/Content/MobileStarterContent/Textures/T_TableRound_N.uasset" 413
"D:/Takang/Content/MobileStarterContent/Textures/T_TableRound_M.uasset" 414
"D:/Takang/Content/MobileStarterContent/Props/Materials/M_TableRound.uasset" 415
"D:/Takang/Content/MobileStarterContent/Props/SM_TableRound.uasset" 416
"D:/Takang/Content/MobileStarterContent/Textures/T_Statue_N.uasset" 417
"D:/Takang/Content/MobileStarterContent/Textures/T_Statue_M.uasset" 418
"D:/Takang/Content/MobileStarterContent/Props/Materials/M_StatueGlass.uasset" 419
"D:/Takang/Content/MobileStarterContent/Props/Materials/M_Statue.uasset" 420
"D:/Takang/Content/MobileStarterContent/Props/SM_Statue.uasset" 421
"D:/Takang/Content/MobileStarterContent/Props/SM_Chair.uasset" 422
"../../../Engine/Content/EngineSky/T_Sky_Stars.uasset" 423
"../../../Engine/Content/EngineSky/T_Sky_Clouds_M.uasset" 424
"../../../Engine/Content/EngineSky/T_Sky_Blue.uasset" 425
"../../../Engine/Content/EngineSky/M_Sky_Panning_Clouds2.uasset" 426
"D:/Takang/Content/MobileStarterContent/Maps/Minimal_Default_BuiltData.uasset" 427
"../../../Engine/Content/EngineSky/SM_SkySphere.uasset" 428
"../../../Engine/Content/EngineSky/C_Sky_Zenith_Color.uasset" 429
"../../../Engine/Content/EngineSky/C_Sky_Horizon_Color.uasset" 430
"../../../Engine/Content/EngineSky/C_Sky_Cloud_Color.uasset" 431
"../../../Engine/Content/EngineSky/BP_Sky_Sphere.uasset" 432
"D:/Takang/Content/MobileStarterContent/Maps/Minimal_Default.umap" 433
"D:/Takang/Content/MobileStarterContent/Architecture/Wall_400x200.uasset" 434
"D:/Takang/Content/MobileStarterContent/Architecture/Wall_Door_400x300.uasset" 435
"D:/Takang/Content/MobileStarterContent/Audio/Collapse02.uasset" 436
"D:/Takang/Content/MobileStarterContent/Audio/Collapse01.uasset" 437
"D:/Takang/Content/MobileStarterContent/Audio/Collapse_Cue.uasset" 438
"D:/Takang/Content/MobileStarterContent/Architecture/Wall_Window_400x300.uasset" 439
"D:/Takang/Content/MobileStarterContent/Shapes/Shape_Sphere.uasset" 440
"D:/Takang/Content/MobileStarterContent/Shapes/Shape_QuadPyramid.uasset" 441
"D:/Takang/Content/MobileStarterContent/Shapes/Shape_Cube.uasset" 442
"D:/Takang/Content/MobileStarterContent/Textures/T_Frame_N.uasset" 443
"D:/Takang/Content/MobileStarterContent/Textures/T_Frame_M.uasset" 444
"D:/Takang/Content/MobileStarterContent/Props/Materials/M_Frame.uasset" 445
"D:/Takang/Content/MobileStarterContent/Props/SM_WindowFrame.uasset" 446
"D:/Takang/Content/MobileStarterContent/Props/SM_PillarFrame300.uasset" 447
"D:/Takang/Content/MobileStarterContent/Props/SM_PillarFrame.uasset" 448
"D:/Takang/Content/MobileStarterContent/Props/SM_GlassWindow.uasset" 449
"D:/Takang/Content/MobileStarterContent/Props/SM_DoorFrame.uasset" 450
"D:/Takang/Content/MobileStarterContent/Props/SM_CornerFrame.uasset" 451
"D:/Takang/Content/MobileStarterContent/Props/MaterialSphere.uasset" 452
"D:/Takang/Content/MobileStarterContent/Textures/T_Dust_Particle_D.uasset" 453
"D:/Takang/Content/MobileStarterContent/Particles/Materials/M_Dust_Particle.uasset" 454
"D:/Takang/Content/MobileStarterContent/Particles/P_Ambient_Dust.uasset" 455
"D:/Takang/Content/MobileStarterContent/Textures/T_Wood_Walnut_N.uasset" 456
"D:/Takang/Content/MobileStarterContent/Textures/T_Wood_Walnut_D.uasset" 457
"D:/Takang/Content/MobileStarterContent/Materials/M_Wood_Walnut.uasset" 458
"D:/Takang/Content/MobileStarterContent/Textures/T_Wood_Pine_N.uasset" 459
"D:/Takang/Content/MobileStarterContent/Textures/T_Wood_Pine_D.uasset" 460
"D:/Takang/Content/MobileStarterContent/Materials/M_Wood_Pine.uasset" 461
"D:/Takang/Content/MobileStarterContent/Textures/T_Wood_Oak_N.uasset" 462
"D:/Takang/Content/MobileStarterContent/Textures/T_Wood_Oak_D.uasset" 463
"D:/Takang/Content/MobileStarterContent/Materials/M_Wood_Oak.uasset" 464
"D:/Takang/Content/MobileStarterContent/Textures/T_Wood_Floor_Walnut_N.uasset" 465
"D:/Takang/Content/MobileStarterContent/Textures/T_Wood_Floor_Walnut_M.uasset" 466
"D:/Takang/Content/MobileStarterContent/Textures/T_Wood_Floor_Walnut_D.uasset" 467
"D:/Takang/Content/MobileStarterContent/Materials/M_Wood_Floor_Walnut_Worn.uasset" 468
"D:/Takang/Content/MobileStarterContent/Materials/M_Wood_Floor_Walnut_Polished.uasset" 469
"D:/Takang/Content/MobileStarterContent/Textures/T_Water_M.uasset" 470
"../../../Engine/Content/Functions/Engine_MaterialFunctions02/Utility/BlendAngleCorrectedNormals.uasset" 471
"D:/Takang/Content/MobileStarterContent/Textures/T_Water_N.uasset" 472
"D:/Takang/Content/MobileStarterContent/Materials/M_Water_Ocean.uasset" 473
"D:/Takang/Content/MobileStarterContent/Materials/M_Water_Lake.uasset" 474
"D:/Takang/Content/MobileStarterContent/Textures/T_Tech_Panel_N.uasset" 475
"D:/Takang/Content/MobileStarterContent/Textures/T_Tech_Panel_M.uasset" 476
"D:/Takang/Content/MobileStarterContent/Materials/M_Tech_Panel.uasset" 477
"D:/Takang/Content/MobileStarterContent/Textures/T_Tech_Hex_Tile_N.uasset" 478
"D:/Takang/Content/MobileStarterContent/Textures/T_Tech_Hex_Tile_M.uasset" 479
"D:/Takang/Content/MobileStarterContent/Textures/T_MacroVariation.uasset" 480
"D:/Takang/Content/MobileStarterContent/Materials/M_Tech_Hex_Tile_Pulse.uasset" 481
"D:/Takang/Content/MobileStarterContent/Materials/M_Tech_Hex_Tile.uasset" 482
"D:/Takang/Content/MobileStarterContent/Textures/T_Tech_Dot_N.uasset" 483
"D:/Takang/Content/MobileStarterContent/Textures/T_Tech_Dot_M.uasset" 484
"D:/Takang/Content/MobileStarterContent/Textures/T_Single_Tile_N.uasset" 485
"D:/Takang/Content/MobileStarterContent/Textures/T_Checker_Noise_M.uasset" 486
"D:/Takang/Content/MobileStarterContent/Materials/M_Tech_Checker_Dot.uasset" 487
"D:/Takang/Content/MobileStarterContent/Textures/T_Rock_Slate_N.uasset" 488
"D:/Takang/Content/MobileStarterContent/Textures/T_Rock_Slate_D.uasset" 489
"D:/Takang/Content/MobileStarterContent/Materials/M_Rock_Slate.uasset" 490
"D:/Takang/Content/MobileStarterContent/Textures/T_Rock_Sandstone_N.uasset" 491
"D:/Takang/Content/MobileStarterContent/Textures/T_Rock_Sandstone_D.uasset" 492
"D:/Takang/Content/MobileStarterContent/Materials/M_Rock_Sandstone.uasset" 493
"D:/Takang/Content/MobileStarterContent/Textures/T_Metal_Gold_N.uasset" 494
"D:/Takang/Content/MobileStarterContent/Textures/T_Rock_Marble_Polished_D.uasset" 495
"D:/Takang/Content/MobileStarterContent/Materials/M_Rock_Marble_Polished.uasset" 496
"D:/Takang/Content/MobileStarterContent/Textures/T_Rock_Basalt_N.uasset" 497
"D:/Takang/Content/MobileStarterContent/Materials/M_Rock_Basalt.uasset" 498
"D:/Takang/Content/MobileStarterContent/Textures/T_Metal_Steel_N.uasset" 499
"D:/Takang/Content/MobileStarterContent/Textures/T_Metal_Steel_D.uasset" 500
"D:/Takang/Content/MobileStarterContent/Materials/M_Metal_Steel.uasset" 501
"D:/Takang/Content/MobileStarterContent/Textures/T_Metal_Rust_D.uasset" 502
"D:/Takang/Content/MobileStarterContent/Textures/T_Metal_Rust_N.uasset" 503
"D:/Takang/Content/MobileStarterContent/Materials/M_Metal_Rust.uasset" 504
"D:/Takang/Content/MobileStarterContent/Textures/T_Metal_Gold_D.uasset" 505
"D:/Takang/Content/MobileStarterContent/Materials/M_Metal_Gold.uasset" 506
"D:/Takang/Content/MobileStarterContent/Textures/T_Metal_Copper_D.uasset" 507
"D:/Takang/Content/MobileStarterContent/Materials/M_Metal_Copper.uasset" 508
"D:/Takang/Content/MobileStarterContent/Materials/M_Metal_Chrome.uasset" 509
"D:/Takang/Content/MobileStarterContent/Textures/T_Metal_Aluminum_D.uasset" 510
"D:/Takang/Content/MobileStarterContent/Materials/M_Metal_Burnished_Steel.uasset" 511
"D:/Takang/Content/MobileStarterContent/Materials/M_Metal_Brushed_Nickel.uasset" 512
"D:/Takang/Content/MobileStarterContent/Textures/T_Ground_Moss_N.uasset" 513
"D:/Takang/Content/MobileStarterContent/Textures/T_ground_Moss_D.uasset" 514
"D:/Takang/Content/MobileStarterContent/Materials/M_Ground_Moss.uasset" 515
"D:/Takang/Content/MobileStarterContent/Textures/T_Ground_Gravel_N.uasset" 516
"D:/Takang/Content/MobileStarterContent/Textures/T_Ground_Gravel_D.uasset" 517
"D:/Takang/Content/MobileStarterContent/Materials/M_Ground_Gravel.uasset" 518
"D:/Takang/Content/MobileStarterContent/Textures/T_Concrete_Tiles_N.uasset" 519
"D:/Takang/Content/MobileStarterContent/Textures/T_Concrete_Tiles_M.uasset" 520
"D:/Takang/Content/MobileStarterContent/Textures/T_Concrete_Tiles_D.uasset" 521
"D:/Takang/Content/MobileStarterContent/Materials/M_Concrete_Tiles.uasset" 522
"D:/Takang/Content/MobileStarterContent/Textures/T_Concrete_Poured_N.uasset" 523
"D:/Takang/Content/MobileStarterContent/Textures/T_Concrete_Poured_D.uasset" 524
"D:/Takang/Content/MobileStarterContent/Materials/M_Concrete_Poured.uasset" 525
"D:/Takang/Content/MobileStarterContent/Textures/T_Concrete_Panels_N.uasset" 526
"D:/Takang/Content/MobileStarterContent/Textures/T_Concrete_Panels_D.uasset" 527
"D:/Takang/Content/MobileStarterContent/Materials/M_Concrete_Panels.uasset" 528
"D:/Takang/Content/MobileStarterContent/Textures/T_Concrete_Grime_D.uasset" 529
"D:/Takang/Content/MobileStarterContent/Materials/M_Concrete_Grime.uasset" 530
"D:/Takang/Content/MobileStarterContent/Textures/T_CobbleStone_Smooth_N.uasset" 531
"D:/Takang/Content/MobileStarterContent/Textures/T_CobbleStone_Smooth_M.uasset" 532
"D:/Takang/Content/MobileStarterContent/Textures/T_CobbleStone_Smooth_D.uasset" 533
"D:/Takang/Content/MobileStarterContent/Materials/M_CobbleStone_Smooth.uasset" 534
"D:/Takang/Content/MobileStarterContent/Textures/T_CobbleStone_Rough_N.uasset" 535
"D:/Takang/Content/MobileStarterContent/Textures/T_CobbleStone_Rough_D.uasset" 536
"D:/Takang/Content/MobileStarterContent/Materials/M_CobbleStone_Rough.uasset" 537
"D:/Takang/Content/MobileStarterContent/Textures/T_CobbleStone_Pebble_N.uasset" 538
"D:/Takang/Content/MobileStarterContent/Textures/T_CobbleStone_Pebble_D.uasset" 539
"D:/Takang/Content/MobileStarterContent/Materials/M_CobbleStone_Pebble.uasset" 540
"D:/Takang/Content/MobileStarterContent/Textures/T_Ceramic_Tile_N.uasset" 541
"D:/Takang/Content/MobileStarterContent/Textures/T_Ceramic_Tile_M.uasset" 542
"D:/Takang/Content/MobileStarterContent/Materials/M_Ceramic_Tile_Checker.uasset" 543
"D:/Takang/Content/MobileStarterContent/Textures/T_Brick_Hewn_Stone_N.uasset" 544
"D:/Takang/Content/MobileStarterContent/Textures/T_Brick_Hewn_Stone_M.uasset" 545
"D:/Takang/Content/MobileStarterContent/Textures/T_Brick_Hewn_Stone_D.uasset" 546
"D:/Takang/Content/MobileStarterContent/Materials/M_Brick_Hewn_Stone.uasset" 547
"D:/Takang/Content/MobileStarterContent/Textures/T_Brick_Cut_Stone_N.uasset" 548
"D:/Takang/Content/MobileStarterContent/Textures/T_Brick_Cut_Stone_D.uasset" 549
"D:/Takang/Content/MobileStarterContent/Materials/M_Brick_Cut_Stone.uasset" 550
"D:/Takang/Content/MobileStarterContent/Textures/T_Brick_Clay_Old_N.uasset" 551
"D:/Takang/Content/MobileStarterContent/Textures/T_Brick_Clay_Old_D.uasset" 552
"D:/Takang/Content/MobileStarterContent/Materials/M_Brick_Clay_Old.uasset" 553
"D:/Takang/Content/MobileStarterContent/Textures/T_Brick_Clay_New_N.uasset" 554
"D:/Takang/Content/MobileStarterContent/Textures/T_Brick_Clay_New_M.uasset" 555
"D:/Takang/Content/MobileStarterContent/Textures/T_Brick_Clay_New_D.uasset" 556
"D:/Takang/Content/MobileStarterContent/Materials/M_Brick_Clay_New.uasset" 557
"D:/Takang/Content/MobileStarterContent/Textures/T_Brick_Clay_Beveled_N.uasset" 558
"D:/Takang/Content/MobileStarterContent/Textures/T_Brick_Clay_Beveled_M.uasset" 559
"D:/Takang/Content/MobileStarterContent/Textures/T_Brick_Clay_Beveled_D.uasset" 560
"D:/Takang/Content/MobileStarterContent/Materials/M_Brick_Clay_Beveled.uasset" 561
"D:/Takang/Content/MobileStarterContent/Maps/StarterMap_BuiltData.uasset" 562
"D:/Takang/Content/MobileStarterContent/Textures/T_Ground_Grass_N.uasset" 563
"D:/Takang/Content/MobileStarterContent/Textures/T_Ground_Grass_D.uasset" 564
"D:/Takang/Content/MobileStarterContent/Materials/M_Ground_Grass.uasset" 565
"D:/Takang/Content/MobileStarterContent/Textures/T_Lamp_N.uasset" 566
"D:/Takang/Content/MobileStarterContent/Textures/T_Lamp_M.uasset" 567
"D:/Takang/Content/MobileStarterContent/Props/Materials/M_Lamp.uasset" 568
"D:/Takang/Content/MobileStarterContent/Props/SM_Lamp_Wall.uasset" 569
"D:/Takang/Content/MobileStarterContent/Blueprints/Blueprint_WallSconce.uasset" 570
"D:/Takang/Content/MobileStarterContent/Audio/Fire_Sparks01.uasset" 571
"D:/Takang/Content/MobileStarterContent/Audio/Fire_Sparks01_Cue.uasset" 572
"D:/Takang/Content/MobileStarterContent/Textures/T_Spark_Core.uasset" 573
"D:/Takang/Content/MobileStarterContent/Particles/Materials/M_Spark.uasset" 574
"D:/Takang/Content/MobileStarterContent/Particles/Materials/M_Radial_Gradient.uasset" 575
"D:/Takang/Content/MobileStarterContent/Particles/P_Sparks.uasset" 576
"D:/Takang/Content/MobileStarterContent/Blueprints/Blueprint_Effect_Sparks.uasset" 577
"D:/Takang/Content/MobileStarterContent/Particles/P_Smoke.uasset" 578
"D:/Takang/Content/MobileStarterContent/Audio/Smoke01.uasset" 579
"D:/Takang/Content/MobileStarterContent/Audio/Smoke01_Cue.uasset" 580
"D:/Takang/Content/MobileStarterContent/Blueprints/Blueprint_Effect_Smoke.uasset" 581
"D:/Takang/Content/MobileStarterContent/Audio/Fire01.uasset" 582
"D:/Takang/Content/MobileStarterContent/Audio/Fire01_Cue.uasset" 583
"D:/Takang/Content/MobileStarterContent/Textures/T_Fire_Tiled_D.uasset" 584
"D:/Takang/Content/MobileStarterContent/Textures/T_Fire_SubUV.uasset" 585
"D:/Takang/Content/MobileStarterContent/Particles/Materials/M_Fire_SubUV.uasset" 586
"D:/Takang/Content/MobileStarterContent/Particles/P_Fire.uasset" 587
"D:/Takang/Content/MobileStarterContent/Blueprints/Blueprint_Effect_Fire.uasset" 588
"D:/Takang/Content/MobileStarterContent/Props/SM_Lamp_Ceiling.uasset" 589
"D:/Takang/Content/MobileStarterContent/Blueprints/Blueprint_CeilingLight.uasset" 590
"D:/Takang/Content/MobileStarterContent/Audio/Starter_Music01.uasset" 591
"D:/Takang/Content/MobileStarterContent/Audio/Starter_Music_Cue.uasset" 592
"D:/Takang/Content/MobileStarterContent/Audio/Starter_Wind06.uasset" 593
"D:/Takang/Content/MobileStarterContent/Audio/Starter_Wind05.uasset" 594
"D:/Takang/Content/MobileStarterContent/Audio/Starter_Birds01.uasset" 595
"D:/Takang/Content/MobileStarterContent/Audio/Starter_Background_Cue.uasset" 596
"D:/Takang/Content/MobileStarterContent/Maps/StarterMap.umap" 597
"D:/Takang/Content/TopDownBP/Maps/SubWayMap_BuiltData.uasset" 598
"D:/Takang/Content/TopDownBP/Maps/SubWayMap.umap" 599
"../../../Engine/Content/Maps/Entry_BuiltData.uasset" 600
"../../../Engine/Content/Maps/Entry.umap" 601
